d:\vsproyects\opengl_basic\openglstart\debug\vc141.pdb
d:\vsproyects\opengl_basic\openglstart\debug\vc141.idb
d:\vsproyects\opengl_basic\openglstart\debug\main.obj
d:\vsproyects\opengl_basic\openglstart\debug\vboindexer.obj
d:\vsproyects\opengl_basic\openglstart\debug\text2d.obj
d:\vsproyects\opengl_basic\openglstart\debug\tangentspace.obj
d:\vsproyects\opengl_basic\openglstart\debug\shader.obj
d:\vsproyects\opengl_basic\openglstart\debug\quaternion_utils.obj
d:\vsproyects\opengl_basic\openglstart\debug\objloader.obj
d:\vsproyects\opengl_basic\openglstart\debug\controls.obj
d:\vsproyects\opengl_basic\openglstart\debug\texture.obj
d:\vsproyects\opengl_basic\debug\openglstart.ilk
d:\vsproyects\opengl_basic\debug\openglstart.exe
d:\vsproyects\opengl_basic\debug\openglstart.pdb
d:\vsproyects\opengl_basic\openglstart\debug\openglstart.tlog\cl.command.1.tlog
d:\vsproyects\opengl_basic\openglstart\debug\openglstart.tlog\cl.read.1.tlog
d:\vsproyects\opengl_basic\openglstart\debug\openglstart.tlog\cl.write.1.tlog
d:\vsproyects\opengl_basic\openglstart\debug\openglstart.tlog\link.command.1.tlog
d:\vsproyects\opengl_basic\openglstart\debug\openglstart.tlog\link.read.1.tlog
d:\vsproyects\opengl_basic\openglstart\debug\openglstart.tlog\link.write.1.tlog
